<?xml version="1.0" encoding="UTF-8"?>
<!-- Generated by org.testng.reporters.JUnitReportReporter -->
<testsuite hostname="DESKTOP-R7F4RG8" failures="0" tests="1" name="OnlinePurchase.Tests.StandaloneTest" time="18.130" errors="0" timestamp="2023-08-07T13:21:18 IST" skipped="0">
  <testcase classname="OnlinePurchase.Tests.StandaloneTest" name="purchase" time="18.130"/>
  <system-out/>
</testsuite> <!-- OnlinePurchase.Tests.StandaloneTest -->
